*** Using Compiler 'V6.22', folder: 'D:\Programing\Keil5\ARM\ARMCLANG\Bin'
Rebuild target 'ncontroller'
compiling dl_lcd.c...
compiling dl_aesadv.c...
compiling dl_lfss.c...
compiling dl_keystorectl.c...
compiling dl_crcp.c...
compiling dl_crc.c...
compiling dl_adc12.c...
compiling dl_dma.c...
compiling dl_mathacl.c...
compiling dl_common.c...
compiling dl_i2c.c...
compiling dl_dac12.c...
compiling dl_aes.c...
compiling dl_flashctl.c...
compiling dl_opa.c...
compiling dl_trng.c...
compiling dl_mcan.c...
assembling startup_mspm0g350x_uvision.s...
compiling dl_uart.c...
compiling dl_interrupt.c...
compiling dl_sysctl_mspm0g1x0x_g3x0x.c...
compiling dl_spi.c...
compiling dl_rtc_common.c...
compiling dl_vref.c...
compiling dual_ins_mspm0.c...
compiling dl_timer.c...
compiling ins_mspm0.c...
compiling dual_gyro_kalman.c...
compiling mahony_filter.c...
compiling main.c...
compiling bmi088_mspm0.c...
compiling gyro_bias_storage.c...
compiling bmi270_mspm0.c...
compiling ti_msp_dl_config.c...
linking...
Program Size: Code=31348 RO-data=17324 RW-data=0 ZI-data=10516  
FromELF: creating hex file...
".\Objects\ncontroller.axf" - 0 Error(s), 0 Warning(s).
Build Time Elapsed:  00:00:02
