*** Using Compiler 'V6.22', folder: 'D:\Programing\Keil5\ARM\ARMCLANG\Bin'
Rebuild target 'ncontroller'
compiling dl_keystorectl.c...
compiling dl_common.c...
compiling dl_adc12.c...
compiling dl_mathacl.c...
compiling dl_crcp.c...
compiling dl_dma.c...
compiling dl_lfss.c...
compiling dl_aesadv.c...
compiling dl_lcd.c...
compiling dl_crc.c...
compiling dl_dac12.c...
compiling dl_aes.c...
compiling dl_i2c.c...
compiling dl_opa.c...
compiling dl_flashctl.c...
compiling dl_rtc_common.c...
compiling dl_spi.c...
assembling startup_mspm0g350x_uvision.s...
compiling dl_interrupt.c...
compiling dl_mcan.c...
compiling dl_trng.c...
compiling dl_vref.c...
compiling dl_timer.c...
compiling dl_sysctl_mspm0g1x0x_g3x0x.c...
compiling dl_uart.c...
compiling main.c...
compiling task_imu.c...
compiling runtime_state.c...
compiling task_led.c...
compiling inertial_navigation.c...
compiling task_temperature.c...
compiling gyro_bias_calibration.c...
compiling board_mspm0.c...
compiling imu_attitude.c...
compiling interrupt_mspm0.c...
compiling accel_six_calibration.c...
compiling flash_storage.c...
compiling mahony_filter.c...
compiling ti_msp_dl_config.c...
compiling task_serial.c...
compiling bmi270_mspm0.c...
compiling bmi088_mspm0.c...
linking...
Program Size: Code=50816 RO-data=19768 RW-data=12 ZI-data=10848  
FromELF: creating hex file...
".\Objects\ncontroller.axf" - 0 Error(s), 0 Warning(s).
Build Time Elapsed:  00:00:02
